<?xml version="1.0" encoding="UTF-8"?>
<!-- Generated by org.testng.reporters.JUnitReportReporter -->
<testsuite hostname="LAPTOP-56F6TDJG" failures="0" tests="1" name="Test.LoginPageTest" time="9.712" errors="0" timestamp="2022-06-21T13:21:39 IST" skipped="0">
  <testcase classname="Test.LoginPageTest" name="loginWithValidCredentialsTest" time="9.712"/>
  <system-out/>
</testsuite> <!-- Test.LoginPageTest -->
