<?xml version="1.0" encoding="UTF-8"?>
<!-- Generated by org.testng.reporters.JUnitReportReporter -->
<testsuite hostname="LAPTOP-56F6TDJG" failures="0" tests="1" name="Test.PinPageTest" time="7.604" errors="0" timestamp="2022-06-21T13:22:10 IST" skipped="0">
  <testcase classname="Test.PinPageTest" name="loginToZerodhaWithPinTest" time="7.604"/>
  <system-out/>
</testsuite> <!-- Test.PinPageTest -->
