<?xml version="1.0" encoding="UTF-8"?>
<!-- Generated by org.testng.reporters.JUnitReportReporter -->
<testsuite hostname="LAPTOP-56F6TDJG" failures="0" tests="1" name="Test.ForgotPageTest" time="9.218" errors="0" timestamp="2022-06-06T11:53:14 IST" skipped="0">
  <testcase classname="Test.ForgotPageTest" name="forgotPasswordTest" time="9.218"/>
  <system-out/>
</testsuite> <!-- Test.ForgotPageTest -->
