<?xml version="1.0" encoding="UTF-8"?>
<!-- Generated by org.testng.reporters.JUnitReportReporter -->
<testsuite hostname="LAPTOP-56F6TDJG" failures="0" tests="1" name="Test.SignupPageTest" time="7.364" errors="0" timestamp="2022-06-06T13:16:50 IST" skipped="0">
  <testcase classname="Test.SignupPageTest" name="signupLinkTest" time="7.364"/>
  <system-out/>
</testsuite> <!-- Test.SignupPageTest -->
