<?xml version="1.0" encoding="UTF-8"?>
<!-- Generated by org.testng.reporters.JUnitReportReporter -->
<testsuite hostname="LAPTOP-56F6TDJG" failures="0" tests="1" name="Test.HomePageTest" time="20.591" errors="0" timestamp="2022-06-21T13:25:36 IST" skipped="0">
  <testcase classname="Test.HomePageTest" name="ClickOnThebuy" time="20.591"/>
  <system-out/>
</testsuite> <!-- Test.HomePageTest -->
